<?xml version="1.0" encoding="UTF-8"?>
<testsuite xmlns:xsi="http://www.w3.org/2001/XMLSchema-instance" xsi:noNamespaceSchemaLocation="https://maven.apache.org/surefire/maven-surefire-plugin/xsd/surefire-test-report.xsd" name="ArrayUtilsTest" time="0.031" tests="20" errors="0" skipped="0" failures="0">
  <properties>
[...]
</properties>
  <testcase name="findLastIndex_startEqualsLength_validSearch" classname="ArrayUtilsTest" time="0.011"/>
  <testcase name="findLastIndex_allSameElements" classname="ArrayUtilsTest" time="0"/>
  <testcase name="findLastIndex_startJustBeyondLength_adjustsProperly" classname="ArrayUtilsTest" time="0"/>
  <testcase name="findLastIndex_multipleMatches_returnsLastBeforeStart" classname="ArrayUtilsTest" time="0"/>
  <testcase name="findLastIndex_nullArray_returnsNegativeOne" classname="ArrayUtilsTest" time="0.001"/>
  <testcase name="findLastIndex_searchFromMiddle_returnsLastIndexBeforeStart" classname="ArrayUtilsTest" time="0"/>
  <testcase name="findLastIndex_emptyArray_returnsNegativeOne" classname="ArrayUtilsTest" time="0"/>
  <testcase name="findLastIndex_singleElementOne_returnZero" classname="ArrayUtilsTest" time="0"/>
  <testcase name="testMain_runsWithoutException" classname="ArrayUtilsTest" time="0.004"/>
  <testcase name="findLastIndex_negativeStart_returnsNegativeOne" classname="ArrayUtilsTest" time="0"/>
  <testcase name="findLastIndex_startBeyondLength_searchesFromEnd" classname="ArrayUtilsTest" time="0"/>
  <testcase name="findLastIndex_forLoopBehaviour_test" classname="ArrayUtilsTest" time="0"/>
  <testcase name="findLastIndex_withBoundaryValues" classname="ArrayUtilsTest" time="0"/>
  <testcase name="findLastIndex_matchAtFirstIndexOnly" classname="ArrayUtilsTest" time="0.001"/>
  <testcase name="findLastIndex_similarButNotEqualValues_returnsNegativeOne" classname="ArrayUtilsTest" time="0"/>
  <testcase name="findLastIndex_valueNotPresent_returnsNegativeOne" classname="ArrayUtilsTest" time="0"/>
  <testcase name="findLastIndex_specificIndexValue_test" classname="ArrayUtilsTest" time="0.001"/>
  <testcase name="findLastIndex_startAtZero_returnsNegativeOne" classname="ArrayUtilsTest" time="0"/>
  <testcase name="findLastIndex_matchAtStart_highStartIndex" classname="ArrayUtilsTest" time="0"/>
  <testcase name="findLastIndex_valuePresent_returnsLastIndex" classname="ArrayUtilsTest" time="0"/>
</testsuite>